app/build/intermediates/manifest_merge_blame_file/debug/manifest-merger-blame-debug-report.txt
1<?xml version="1.0" encoding="utf-8"?>
2<manifest xmlns:android="http://schemas.android.com/apk/res/android"
3    xmlns:dist="http://schemas.android.com/apk/distribution"
4    package="com.example.proplay1"
5    android:versionCode="1"
6    android:versionName="1.0" >
7
8    <uses-sdk
9        android:minSdkVersion="23"
9-->src\main\AndroidManifest.xml
10        android:targetSdkVersion="28" />
10-->src\main\AndroidManifest.xml
11
12    <dist:module dist:instant="true" />
12-->src\main\AndroidManifest.xml:25:5-40
12-->src\main\AndroidManifest.xml:25:18-37
13
14    <uses-permission android:name="android.permission.ACCESS_NETWORK_STATE" />
14-->[com.google.firebase:firebase-database:16.0.4] AndroidManifest.xml:22:5-79
14-->[com.google.firebase:firebase-database:16.0.4] AndroidManifest.xml:22:22-76
15    <uses-permission android:name="android.permission.INTERNET" />
15-->[com.google.firebase:firebase-database:16.0.4] AndroidManifest.xml:23:5-67
15-->[com.google.firebase:firebase-database:16.0.4] AndroidManifest.xml:23:22-64
16    <uses-permission android:name="android.permission.WAKE_LOCK" /> <!-- Required by older versions of Google Play services to create IID tokens -->
16-->[com.google.firebase:firebase-iid:17.0.4] AndroidManifest.xml:24:5-68
16-->[com.google.firebase:firebase-iid:17.0.4] AndroidManifest.xml:24:22-65
17    <uses-permission android:name="com.google.android.c2dm.permission.RECEIVE" />
17-->[com.google.firebase:firebase-iid:17.0.4] AndroidManifest.xml:26:5-82
17-->[com.google.firebase:firebase-iid:17.0.4] AndroidManifest.xml:26:22-79
18
19    <application
19-->src\main\AndroidManifest.xml:6:5-23:19
20        android:allowBackup="true"
20-->src\main\AndroidManifest.xml:7:9-35
21        android:appComponentFactory="androidx.core.app.CoreComponentFactory"
21-->[androidx.core:core:1.0.1] AndroidManifest.xml:22:18-86
22        android:debuggable="true"
23        android:icon="@mipmap/ic_launcher"
23-->src\main\AndroidManifest.xml:8:9-43
24        android:label="@string/app_name"
24-->src\main\AndroidManifest.xml:9:9-41
25        android:roundIcon="@mipmap/ic_launcher_round"
25-->src\main\AndroidManifest.xml:10:9-54
26        android:supportsRtl="true"
26-->src\main\AndroidManifest.xml:11:9-35
27        android:testOnly="true"
28        android:theme="@style/AppTheme" >
28-->src\main\AndroidManifest.xml:12:9-40
29        <activity
29-->src\main\AndroidManifest.xml:13:9-22:20
30            android:name="com.example.proplay1.MainActivity"
30-->src\main\AndroidManifest.xml:14:13-41
31            android:label="@string/app_name"
31-->src\main\AndroidManifest.xml:15:13-45
32            android:theme="@style/AppTheme.NoActionBar" >
32-->src\main\AndroidManifest.xml:16:13-56
33            <intent-filter>
33-->src\main\AndroidManifest.xml:17:13-21:29
34                <action android:name="android.intent.action.MAIN" />
34-->src\main\AndroidManifest.xml:18:17-69
34-->src\main\AndroidManifest.xml:18:25-66
35
36                <category android:name="android.intent.category.LAUNCHER" />
36-->src\main\AndroidManifest.xml:20:17-77
36-->src\main\AndroidManifest.xml:20:27-74
37            </intent-filter>
38        </activity>
39        <!--
40             FirebaseMessagingService performs security checks at runtime,
41             no need for explicit permissions despite exported="true"
42        -->
43        <service
43-->[com.google.firebase:firebase-messaging:17.3.4] AndroidManifest.xml:28:9-34:19
44            android:name="com.google.firebase.messaging.FirebaseMessagingService"
44-->[com.google.firebase:firebase-messaging:17.3.4] AndroidManifest.xml:29:13-82
45            android:exported="true" >
45-->[com.google.firebase:firebase-messaging:17.3.4] AndroidManifest.xml:30:13-36
46            <intent-filter android:priority="-500" >
46-->[com.google.firebase:firebase-messaging:17.3.4] AndroidManifest.xml:31:13-33:29
46-->[com.google.firebase:firebase-messaging:17.3.4] AndroidManifest.xml:31:28-51
47                <action android:name="com.google.firebase.MESSAGING_EVENT" />
47-->[com.google.firebase:firebase-messaging:17.3.4] AndroidManifest.xml:32:17-78
47-->[com.google.firebase:firebase-messaging:17.3.4] AndroidManifest.xml:32:25-75
48            </intent-filter>
49        </service>
50        <service
50-->[com.google.firebase:firebase-iid:17.0.4] AndroidManifest.xml:29:9-35:19
51            android:name="com.google.firebase.components.ComponentDiscoveryService"
51-->[com.google.firebase:firebase-iid:17.0.4] AndroidManifest.xml:30:13-84
52            android:exported="false" >
52-->[com.google.firebase:firebase-iid:17.0.4] AndroidManifest.xml:31:13-37
53            <meta-data
53-->[com.google.firebase:firebase-iid:17.0.4] AndroidManifest.xml:32:13-34:85
54                android:name="com.google.firebase.components:com.google.firebase.iid.Registrar"
54-->[com.google.firebase:firebase-iid:17.0.4] AndroidManifest.xml:33:17-96
55                android:value="com.google.firebase.components.ComponentRegistrar" />
55-->[com.google.firebase:firebase-iid:17.0.4] AndroidManifest.xml:34:17-82
56        </service>
57
58        <receiver
58-->[com.google.firebase:firebase-iid:17.0.4] AndroidManifest.xml:37:9-44:20
59            android:name="com.google.firebase.iid.FirebaseInstanceIdReceiver"
59-->[com.google.firebase:firebase-iid:17.0.4] AndroidManifest.xml:38:13-78
60            android:exported="true"
60-->[com.google.firebase:firebase-iid:17.0.4] AndroidManifest.xml:39:13-36
61            android:permission="com.google.android.c2dm.permission.SEND" >
61-->[com.google.firebase:firebase-iid:17.0.4] AndroidManifest.xml:40:13-73
62            <intent-filter>
62-->[com.google.firebase:firebase-iid:17.0.4] AndroidManifest.xml:41:13-43:29
63                <action android:name="com.google.android.c2dm.intent.RECEIVE" />
63-->[com.google.firebase:firebase-iid:17.0.4] AndroidManifest.xml:42:17-81
63-->[com.google.firebase:firebase-iid:17.0.4] AndroidManifest.xml:42:25-78
64            </intent-filter>
65        </receiver>
66        <!--
67             FirebaseInstanceIdService performs security checks at runtime,
68             no need for explicit permissions despite exported="true"
69        -->
70        <service
70-->[com.google.firebase:firebase-iid:17.0.4] AndroidManifest.xml:50:9-56:19
71            android:name="com.google.firebase.iid.FirebaseInstanceIdService"
71-->[com.google.firebase:firebase-iid:17.0.4] AndroidManifest.xml:51:13-77
72            android:exported="true" >
72-->[com.google.firebase:firebase-iid:17.0.4] AndroidManifest.xml:52:13-36
73            <intent-filter android:priority="-500" >
73-->[com.google.firebase:firebase-iid:17.0.4] AndroidManifest.xml:53:13-55:29
73-->[com.google.firebase:firebase-iid:17.0.4] AndroidManifest.xml:53:28-51
74                <action android:name="com.google.firebase.INSTANCE_ID_EVENT" />
74-->[com.google.firebase:firebase-iid:17.0.4] AndroidManifest.xml:54:17-80
74-->[com.google.firebase:firebase-iid:17.0.4] AndroidManifest.xml:54:25-77
75            </intent-filter>
76        </service>
77
78        <activity
78-->[com.google.android.gms:play-services-base:16.0.1] AndroidManifest.xml:23:9-26:75
79            android:name="com.google.android.gms.common.api.GoogleApiActivity"
79-->[com.google.android.gms:play-services-base:16.0.1] AndroidManifest.xml:24:13-79
80            android:exported="false"
80-->[com.google.android.gms:play-services-base:16.0.1] AndroidManifest.xml:25:13-37
81            android:theme="@android:style/Theme.Translucent.NoTitleBar" />
81-->[com.google.android.gms:play-services-base:16.0.1] AndroidManifest.xml:26:13-72
82
83        <provider
83-->[com.google.firebase:firebase-common:16.0.3] AndroidManifest.xml:10:9-14:39
84            android:name="com.google.firebase.provider.FirebaseInitProvider"
84-->[com.google.firebase:firebase-common:16.0.3] AndroidManifest.xml:11:13-77
85            android:authorities="com.example.proplay1.firebaseinitprovider"
85-->[com.google.firebase:firebase-common:16.0.3] AndroidManifest.xml:12:13-72
86            android:exported="false"
86-->[com.google.firebase:firebase-common:16.0.3] AndroidManifest.xml:13:13-37
87            android:initOrder="100" />
87-->[com.google.firebase:firebase-common:16.0.3] AndroidManifest.xml:14:13-36
88
89        <meta-data
89-->[com.google.android.gms:play-services-basement:16.0.1] AndroidManifest.xml:23:9-25:69
90            android:name="com.google.android.gms.version"
90-->[com.google.android.gms:play-services-basement:16.0.1] AndroidManifest.xml:24:13-58
91            android:value="@integer/google_play_services_version" />
91-->[com.google.android.gms:play-services-basement:16.0.1] AndroidManifest.xml:25:13-66
92
93        <provider
93-->[androidx.lifecycle:lifecycle-process:2.0.0] AndroidManifest.xml:23:9-27:43
94            android:name="androidx.lifecycle.ProcessLifecycleOwnerInitializer"
94-->[androidx.lifecycle:lifecycle-process:2.0.0] AndroidManifest.xml:24:13-79
95            android:authorities="com.example.proplay1.lifecycle-process"
95-->[androidx.lifecycle:lifecycle-process:2.0.0] AndroidManifest.xml:25:13-69
96            android:exported="false"
96-->[androidx.lifecycle:lifecycle-process:2.0.0] AndroidManifest.xml:26:13-37
97            android:multiprocess="true" />
97-->[androidx.lifecycle:lifecycle-process:2.0.0] AndroidManifest.xml:27:13-40
98    </application>
99
100</manifest>